[0201/211248.498:ERROR:process_memory_win.cc(73)] ReadMemory at 0xe7679ed000 of 77824 bytes failed: Solo se completó una parte de una solicitud ReadProcessMemory o WriteProcessMemory. (0x12B)
[0201/211248.600:ERROR:process_memory_win.cc(73)] ReadMemory at 0xe7681fd000 of 12288 bytes failed: Solo se completó una parte de una solicitud ReadProcessMemory o WriteProcessMemory. (0x12B)
[0201/211248.644:ERROR:process_memory_win.cc(73)] ReadMemory at 0xe7689ff000 of 4096 bytes failed: Solo se completó una parte de una solicitud ReadProcessMemory o WriteProcessMemory. (0x12B)
[0201/211248.718:ERROR:process_memory_win.cc(73)] ReadMemory at 0xe7691fe000 of 8192 bytes failed: Solo se completó una parte de una solicitud ReadProcessMemory o WriteProcessMemory. (0x12B)
[0201/211248.790:ERROR:process_memory_win.cc(73)] ReadMemory at 0xe767027000 of 852 bytes failed: Solo se completó una parte de una solicitud ReadProcessMemory o WriteProcessMemory. (0x12B)
[0201/211249.715:ERROR:process_memory_win.cc(73)] ReadMemory at 0xe767028000 of 6024 bytes failed: Solo se completó una parte de una solicitud ReadProcessMemory o WriteProcessMemory. (0x12B)
[0201/211249.759:ERROR:process_memory_win.cc(73)] ReadMemory at 0xe76702a000 of 6024 bytes failed: Solo se completó una parte de una solicitud ReadProcessMemory o WriteProcessMemory. (0x12B)
[0201/211249.855:ERROR:process_memory_win.cc(73)] ReadMemory at 0xe76702c000 of 6024 bytes failed: Solo se completó una parte de una solicitud ReadProcessMemory o WriteProcessMemory. (0x12B)
[0201/211250.013:ERROR:process_memory_win.cc(73)] ReadMemory at 0xe76702e000 of 6024 bytes failed: Solo se completó una parte de una solicitud ReadProcessMemory o WriteProcessMemory. (0x12B)
[0201/211250.073:ERROR:process_memory_win.cc(73)] ReadMemory at 0x1e70146dae0 of 768 bytes failed: Solo se completó una parte de una solicitud ReadProcessMemory o WriteProcessMemory. (0x12B)
[0201/211250.166:ERROR:process_memory_win.cc(73)] ReadMemory at 0x1e77e6c0ad0 of 1016 bytes failed: Solo se completó una parte de una solicitud ReadProcessMemory o WriteProcessMemory. (0x12B)
[0201/211250.303:ERROR:process_memory_win.cc(73)] ReadMemory at 0x1e77e6c0fe0 of 18574 bytes failed: Solo se completó una parte de una solicitud ReadProcessMemory o WriteProcessMemory. (0x12B)
[0201/211250.357:ERROR:process_memory_win.cc(73)] ReadMemory at 0x1e77e6c5880 of 1012 bytes failed: Solo se completó una parte de una solicitud ReadProcessMemory o WriteProcessMemory. (0x12B)
[0201/211250.470:ERROR:process_memory_win.cc(73)] ReadMemory at 0x1e77e6c5ec8 of 118 bytes failed: Solo se completó una parte de una solicitud ReadProcessMemory o WriteProcessMemory. (0x12B)
[0201/211250.621:ERROR:process_memory_win.cc(73)] ReadMemory at 0x1e77e6c5f40 of 988 bytes failed: Solo se completó una parte de una solicitud ReadProcessMemory o WriteProcessMemory. (0x12B)
[0201/211250.941:ERROR:process_memory_win.cc(73)] ReadMemory at 0x1e77e6c631e of 118 bytes failed: Solo se completó una parte de una solicitud ReadProcessMemory o WriteProcessMemory. (0x12B)
[0201/211251.223:ERROR:process_memory_win.cc(73)] ReadMemory at 0x1e77e6c6396 of 30 bytes failed: Solo se completó una parte de una solicitud ReadProcessMemory o WriteProcessMemory. (0x12B)
[0201/211251.299:ERROR:process_memory_win.cc(73)] ReadMemory at 0x1e77e6c63c0 of 58 bytes failed: Solo se completó una parte de una solicitud ReadProcessMemory o WriteProcessMemory. (0x12B)
[0201/211251.471:ERROR:process_memory_win.cc(73)] ReadMemory at 0x1e77e6c64c0 of 132 bytes failed: Solo se completó una parte de una solicitud ReadProcessMemory o WriteProcessMemory. (0x12B)
[0201/211251.627:ERROR:process_memory_win.cc(73)] ReadMemory at 0x1e77e6c6650 of 132 bytes failed: Solo se completó una parte de una solicitud ReadProcessMemory o WriteProcessMemory. (0x12B)
[0201/211252.247:ERROR:process_memory_win.cc(73)] ReadMemory at 0x1e77e6c6b00 of 132 bytes failed: Solo se completó una parte de una solicitud ReadProcessMemory o WriteProcessMemory. (0x12B)
[0201/211252.378:ERROR:process_memory_win.cc(73)] ReadMemory at 0x1e77e6c73f0 of 132 bytes failed: Solo se completó una parte de una solicitud ReadProcessMemory o WriteProcessMemory. (0x12B)
[0201/211253.008:ERROR:process_memory_win.cc(73)] ReadMemory at 0x1e77e6c7580 of 64 bytes failed: Solo se completó una parte de una solicitud ReadProcessMemory o WriteProcessMemory. (0x12B)
[0201/211253.008:ERROR:process_memory_win.cc(73)] ReadMemory at 0x1e77e6c75d0 of 132 bytes failed: Solo se completó una parte de una solicitud ReadProcessMemory o WriteProcessMemory. (0x12B)
[0201/211253.100:ERROR:process_memory_win.cc(73)] ReadMemory at 0x1e77e6c79e0 of 132 bytes failed: Solo se completó una parte de una solicitud ReadProcessMemory o WriteProcessMemory. (0x12B)
[0201/211253.348:ERROR:process_memory_win.cc(73)] ReadMemory at 0x1e77e6c7b70 of 68 bytes failed: Solo se completó una parte de una solicitud ReadProcessMemory o WriteProcessMemory. (0x12B)
[0201/211253.489:ERROR:process_memory_win.cc(73)] ReadMemory at 0x1e77e6ce2f0 of 64 bytes failed: Solo se completó una parte de una solicitud ReadProcessMemory o WriteProcessMemory. (0x12B)
[0201/211254.015:ERROR:process_memory_win.cc(73)] ReadMemory at 0x1e77e6ce3e0 of 62 bytes failed: Solo se completó una parte de una solicitud ReadProcessMemory o WriteProcessMemory. (0x12B)
[0201/211254.150:ERROR:process_memory_win.cc(73)] ReadMemory at 0x1e77e6ce430 of 62 bytes failed: Solo se completó una parte de una solicitud ReadProcessMemory o WriteProcessMemory. (0x12B)
[0201/211254.290:ERROR:process_memory_win.cc(73)] ReadMemory at 0x1e77e6ce480 of 62 bytes failed: Solo se completó una parte de una solicitud ReadProcessMemory o WriteProcessMemory. (0x12B)
[0201/211254.540:ERROR:process_memory_win.cc(73)] ReadMemory at 0x1e77e6ce5c0 of 60 bytes failed: Solo se completó una parte de una solicitud ReadProcessMemory o WriteProcessMemory. (0x12B)
[0201/211254.962:ERROR:process_memory_win.cc(73)] ReadMemory at 0x1e77e6ce610 of 62 bytes failed: Solo se completó una parte de una solicitud ReadProcessMemory o WriteProcessMemory. (0x12B)
[0201/211255.040:ERROR:process_memory_win.cc(73)] ReadMemory at 0x1e77e6ce840 of 62 bytes failed: Solo se completó una parte de una solicitud ReadProcessMemory o WriteProcessMemory. (0x12B)
[0201/211255.259:ERROR:process_memory_win.cc(73)] ReadMemory at 0x1e77e6ce890 of 60 bytes failed: Solo se completó una parte de una solicitud ReadProcessMemory o WriteProcessMemory. (0x12B)
[0201/211255.368:ERROR:process_memory_win.cc(73)] ReadMemory at 0x1e77e6ce8e0 of 66 bytes failed: Solo se completó una parte de una solicitud ReadProcessMemory o WriteProcessMemory. (0x12B)
[0201/211255.431:ERROR:process_memory_win.cc(73)] ReadMemory at 0x1e77e6ce930 of 62 bytes failed: Solo se completó una parte de una solicitud ReadProcessMemory o WriteProcessMemory. (0x12B)
[0201/211256.321:ERROR:process_memory_win.cc(73)] ReadMemory at 0x1e77e6ce980 of 64 bytes failed: Solo se completó una parte de una solicitud ReadProcessMemory o WriteProcessMemory. (0x12B)
[0201/211256.836:ERROR:process_memory_win.cc(73)] ReadMemory at 0x1e77e6ce9d0 of 60 bytes failed: Solo se completó una parte de una solicitud ReadProcessMemory o WriteProcessMemory. (0x12B)
[0201/211257.336:ERROR:process_memory_win.cc(73)] ReadMemory at 0x1e77e6cea20 of 64 bytes failed: Solo se completó una parte de una solicitud ReadProcessMemory o WriteProcessMemory. (0x12B)
[0201/211257.852:ERROR:process_memory_win.cc(73)] ReadMemory at 0x1e77e6cfa40 of 132 bytes failed: Solo se completó una parte de una solicitud ReadProcessMemory o WriteProcessMemory. (0x12B)
[0201/211258.617:ERROR:process_memory_win.cc(73)] ReadMemory at 0x1e77e6cfb70 of 154 bytes failed: Solo se completó una parte de una solicitud ReadProcessMemory o WriteProcessMemory. (0x12B)
[0201/211258.727:ERROR:process_memory_win.cc(73)] ReadMemory at 0x1e77e6d0ab0 of 80 bytes failed: Solo se completó una parte de una solicitud ReadProcessMemory o WriteProcessMemory. (0x12B)
[0201/211258.836:ERROR:process_memory_win.cc(73)] ReadMemory at 0x1e77e6d1d60 of 132 bytes failed: Solo se completó una parte de una solicitud ReadProcessMemory o WriteProcessMemory. (0x12B)
[0201/211259.646:ERROR:process_memory_win.cc(73)] ReadMemory at 0x1e77e6d6540 of 132 bytes failed: Solo se completó una parte de una solicitud ReadProcessMemory o WriteProcessMemory. (0x12B)
[0201/211301.177:ERROR:process_memory_win.cc(73)] ReadMemory at 0x1e77e6d6d00 of 132 bytes failed: Solo se completó una parte de una solicitud ReadProcessMemory o WriteProcessMemory. (0x12B)
[0201/211304.260:ERROR:process_memory_win.cc(73)] ReadMemory at 0x1e77e6d6e80 of 132 bytes failed: Solo se completó una parte de una solicitud ReadProcessMemory o WriteProcessMemory. (0x12B)
[0201/211304.541:ERROR:process_memory_win.cc(73)] ReadMemory at 0x1e77e6d6fb0 of 132 bytes failed: Solo se completó una parte de una solicitud ReadProcessMemory o WriteProcessMemory. (0x12B)
[0201/211304.968:ERROR:process_memory_win.cc(73)] ReadMemory at 0x1e77e6d70e0 of 132 bytes failed: Solo se completó una parte de una solicitud ReadProcessMemory o WriteProcessMemory. (0x12B)
[0201/211305.077:ERROR:process_memory_win.cc(73)] ReadMemory at 0x1e77e6d7210 of 132 bytes failed: Solo se completó una parte de una solicitud ReadProcessMemory o WriteProcessMemory. (0x12B)
[0201/211305.139:ERROR:process_memory_win.cc(73)] ReadMemory at 0x1e77e6d7340 of 132 bytes failed: Solo se completó una parte de una solicitud ReadProcessMemory o WriteProcessMemory. (0x12B)
[0201/211305.171:ERROR:process_memory_win.cc(73)] ReadMemory at 0x1e77e6d7470 of 132 bytes failed: Solo se completó una parte de una solicitud ReadProcessMemory o WriteProcessMemory. (0x12B)
[0201/211305.171:ERROR:process_memory_win.cc(73)] ReadMemory at 0x1e77e6d75a0 of 132 bytes failed: Solo se completó una parte de una solicitud ReadProcessMemory o WriteProcessMemory. (0x12B)
[0201/211305.264:ERROR:process_memory_win.cc(73)] ReadMemory at 0x1e77e6d76d0 of 132 bytes failed: Solo se completó una parte de una solicitud ReadProcessMemory o WriteProcessMemory. (0x12B)
[0201/211305.327:ERROR:process_memory_win.cc(73)] ReadMemory at 0x1e77e6d7800 of 132 bytes failed: Solo se completó una parte de una solicitud ReadProcessMemory o WriteProcessMemory. (0x12B)
[0201/211305.363:ERROR:process_memory_win.cc(73)] ReadMemory at 0x1e77e6d7930 of 132 bytes failed: Solo se completó una parte de una solicitud ReadProcessMemory o WriteProcessMemory. (0x12B)
[0201/211305.410:ERROR:process_memory_win.cc(73)] ReadMemory at 0x1e77e6d7a60 of 132 bytes failed: Solo se completó una parte de una solicitud ReadProcessMemory o WriteProcessMemory. (0x12B)
[0201/211305.566:ERROR:process_memory_win.cc(73)] ReadMemory at 0x1e77e6d7b90 of 132 bytes failed: Solo se completó una parte de una solicitud ReadProcessMemory o WriteProcessMemory. (0x12B)
[0201/211305.613:ERROR:process_memory_win.cc(73)] ReadMemory at 0x1e77e6d7cc0 of 132 bytes failed: Solo se completó una parte de una solicitud ReadProcessMemory o WriteProcessMemory. (0x12B)
[0201/211306.416:ERROR:process_memory_win.cc(73)] ReadMemory at 0x1e77e6d9cb0 of 62 bytes failed: Solo se completó una parte de una solicitud ReadProcessMemory o WriteProcessMemory. (0x12B)
[0201/211307.338:ERROR:process_memory_win.cc(73)] ReadMemory at 0x1e77e6d9d00 of 64 bytes failed: Solo se completó una parte de una solicitud ReadProcessMemory o WriteProcessMemory. (0x12B)
[0201/211307.894:ERROR:process_memory_win.cc(73)] ReadMemory at 0x1e77e6d9df0 of 64 bytes failed: Solo se completó una parte de una solicitud ReadProcessMemory o WriteProcessMemory. (0x12B)
[0201/211308.802:ERROR:process_memory_win.cc(73)] ReadMemory at 0x1e77e6da110 of 60 bytes failed: Solo se completó una parte de una solicitud ReadProcessMemory o WriteProcessMemory. (0x12B)
[0201/211309.895:ERROR:process_memory_win.cc(73)] ReadMemory at 0x1e77e6da1b0 of 62 bytes failed: Solo se completó una parte de una solicitud ReadProcessMemory o WriteProcessMemory. (0x12B)
[0201/211312.213:ERROR:process_memory_win.cc(73)] ReadMemory at 0x1e77e6da390 of 66 bytes failed: Solo se completó una parte de una solicitud ReadProcessMemory o WriteProcessMemory. (0x12B)
[0201/211313.509:ERROR:process_memory_win.cc(73)] ReadMemory at 0x1e77e6da430 of 60 bytes failed: Solo se completó una parte de una solicitud ReadProcessMemory o WriteProcessMemory. (0x12B)
[0201/211314.769:ERROR:process_memory_win.cc(73)] ReadMemory at 0x1e77e6da4d0 of 58 bytes failed: Solo se completó una parte de una solicitud ReadProcessMemory o WriteProcessMemory. (0x12B)
[0201/211316.297:ERROR:process_memory_win.cc(73)] ReadMemory at 0x1e77e6da5c0 of 64 bytes failed: Solo se completó una parte de una solicitud ReadProcessMemory o WriteProcessMemory. (0x12B)
[0201/211317.082:ERROR:process_memory_win.cc(73)] ReadMemory at 0x1e77e6da660 of 58 bytes failed: Solo se completó una parte de una solicitud ReadProcessMemory o WriteProcessMemory. (0x12B)
[0201/211317.833:ERROR:process_memory_win.cc(73)] ReadMemory at 0x1e77e6da6b0 of 58 bytes failed: Solo se completó una parte de una solicitud ReadProcessMemory o WriteProcessMemory. (0x12B)
[0201/211318.605:ERROR:process_memory_win.cc(73)] ReadMemory at 0x1e77e6da750 of 60 bytes failed: Solo se completó una parte de una solicitud ReadProcessMemory o WriteProcessMemory. (0x12B)
[0201/211320.229:ERROR:process_memory_win.cc(73)] ReadMemory at 0x1e77e6da7a0 of 60 bytes failed: Solo se completó una parte de una solicitud ReadProcessMemory o WriteProcessMemory. (0x12B)
[0201/211320.799:ERROR:process_memory_win.cc(73)] ReadMemory at 0x1e77e6da840 of 66 bytes failed: Solo se completó una parte de una solicitud ReadProcessMemory o WriteProcessMemory. (0x12B)
[0201/211320.803:ERROR:process_memory_win.cc(73)] ReadMemory at 0x1e77e6da890 of 64 bytes failed: Solo se completó una parte de una solicitud ReadProcessMemory o WriteProcessMemory. (0x12B)
[0201/211321.419:ERROR:process_memory_win.cc(73)] ReadMemory at 0x1e77e6da930 of 60 bytes failed: Solo se completó una parte de una solicitud ReadProcessMemory o WriteProcessMemory. (0x12B)
[0201/211322.189:ERROR:process_memory_win.cc(73)] ReadMemory at 0x1e77e6da980 of 62 bytes failed: Solo se completó una parte de una solicitud ReadProcessMemory o WriteProcessMemory. (0x12B)
[0201/211323.469:ERROR:process_memory_win.cc(73)] ReadMemory at 0x1e77e6dab10 of 64 bytes failed: Solo se completó una parte de una solicitud ReadProcessMemory o WriteProcessMemory. (0x12B)
[0201/211324.059:ERROR:process_memory_win.cc(73)] ReadMemory at 0x1e77e6daf40 of 54 bytes failed: Solo se completó una parte de una solicitud ReadProcessMemory o WriteProcessMemory. (0x12B)
[0201/211324.589:ERROR:process_memory_win.cc(73)] ReadMemory at 0x1e77e6dbd90 of 132 bytes failed: Solo se completó una parte de una solicitud ReadProcessMemory o WriteProcessMemory. (0x12B)
[0201/211325.259:ERROR:process_memory_win.cc(73)] ReadMemory at 0x1e77e6dc4f0 of 132 bytes failed: Solo se completó una parte de una solicitud ReadProcessMemory o WriteProcessMemory. (0x12B)
[0201/211327.191:ERROR:process_memory_win.cc(73)] ReadMemory at 0x1e77e6dc620 of 158 bytes failed: Solo se completó una parte de una solicitud ReadProcessMemory o WriteProcessMemory. (0x12B)
[0201/211331.929:ERROR:process_memory_win.cc(73)] ReadMemory at 0x1e77e6df740 of 76 bytes failed: Solo se completó una parte de una solicitud ReadProcessMemory o WriteProcessMemory. (0x12B)
[0201/211333.219:ERROR:process_memory_win.cc(73)] ReadMemory at 0x1e77e6e2a20 of 132 bytes failed: Solo se completó una parte de una solicitud ReadProcessMemory o WriteProcessMemory. (0x12B)
[0201/211333.979:ERROR:process_memory_win.cc(73)] ReadMemory at 0x1e77e6e2c90 of 132 bytes failed: Solo se completó una parte de una solicitud ReadProcessMemory o WriteProcessMemory. (0x12B)
[0201/211336.219:ERROR:process_memory_win.cc(73)] ReadMemory at 0x1e77e6e2dc0 of 132 bytes failed: Solo se completó una parte de una solicitud ReadProcessMemory o WriteProcessMemory. (0x12B)
[0201/211338.580:ERROR:process_memory_win.cc(73)] ReadMemory at 0x1e77e6e6230 of 132 bytes failed: Solo se completó una parte de una solicitud ReadProcessMemory o WriteProcessMemory. (0x12B)
[0201/211340.130:ERROR:process_memory_win.cc(73)] ReadMemory at 0x1e77e6e6360 of 132 bytes failed: Solo se completó una parte de una solicitud ReadProcessMemory o WriteProcessMemory. (0x12B)
[0201/211341.400:ERROR:process_memory_win.cc(73)] ReadMemory at 0x1e77e6e6490 of 132 bytes failed: Solo se completó una parte de una solicitud ReadProcessMemory o WriteProcessMemory. (0x12B)
[0201/211342.155:ERROR:process_memory_win.cc(73)] ReadMemory at 0x1e77e6e66f0 of 132 bytes failed: Solo se completó una parte de una solicitud ReadProcessMemory o WriteProcessMemory. (0x12B)
[0201/211342.923:ERROR:process_memory_win.cc(73)] ReadMemory at 0x1e77e6e6820 of 132 bytes failed: Solo se completó una parte de una solicitud ReadProcessMemory o WriteProcessMemory. (0x12B)
[0201/211343.693:ERROR:process_memory_win.cc(73)] ReadMemory at 0x1e77e6e6950 of 132 bytes failed: Solo se completó una parte de una solicitud ReadProcessMemory o WriteProcessMemory. (0x12B)
[0201/211344.462:ERROR:process_memory_win.cc(73)] ReadMemory at 0x1e77e6e6a80 of 132 bytes failed: Solo se completó una parte de una solicitud ReadProcessMemory o WriteProcessMemory. (0x12B)
[0201/211344.979:ERROR:process_memory_win.cc(73)] ReadMemory at 0x1e77e6e6bb0 of 132 bytes failed: Solo se completó una parte de una solicitud ReadProcessMemory o WriteProcessMemory. (0x12B)
[0201/211345.310:ERROR:process_memory_win.cc(73)] ReadMemory at 0x1e77e6e6ce0 of 132 bytes failed: Solo se completó una parte de una solicitud ReadProcessMemory o WriteProcessMemory. (0x12B)
[0201/211345.742:ERROR:process_memory_win.cc(73)] ReadMemory at 0x1e77e6e6e10 of 132 bytes failed: Solo se completó una parte de una solicitud ReadProcessMemory o WriteProcessMemory. (0x12B)
[0201/211346.243:ERROR:process_memory_win.cc(73)] ReadMemory at 0x1e77e6e6f40 of 132 bytes failed: Solo se completó una parte de una solicitud ReadProcessMemory o WriteProcessMemory. (0x12B)
[0201/211347.028:ERROR:process_memory_win.cc(73)] ReadMemory at 0x1e77e6e7070 of 132 bytes failed: Solo se completó una parte de una solicitud ReadProcessMemory o WriteProcessMemory. (0x12B)
[0201/211348.563:ERROR:process_memory_win.cc(73)] ReadMemory at 0x1e77e6e71a0 of 132 bytes failed: Solo se completó una parte de una solicitud ReadProcessMemory o WriteProcessMemory. (0x12B)
[0201/211351.121:ERROR:process_memory_win.cc(73)] ReadMemory at 0x1e77e6e72d0 of 132 bytes failed: Solo se completó una parte de una solicitud ReadProcessMemory o WriteProcessMemory. (0x12B)
[0201/211353.693:ERROR:process_memory_win.cc(73)] ReadMemory at 0x1e77e6e7400 of 132 bytes failed: Solo se completó una parte de una solicitud ReadProcessMemory o WriteProcessMemory. (0x12B)
[0201/211356.844:ERROR:process_memory_win.cc(73)] ReadMemory at 0x1e77e6e7530 of 132 bytes failed: Solo se completó una parte de una solicitud ReadProcessMemory o WriteProcessMemory. (0x12B)
[0201/211359.078:ERROR:process_memory_win.cc(73)] ReadMemory at 0x1e77e6e7660 of 132 bytes failed: Solo se completó una parte de una solicitud ReadProcessMemory o WriteProcessMemory. (0x12B)
[0201/211403.167:ERROR:process_memory_win.cc(73)] ReadMemory at 0x1e77e6e7790 of 132 bytes failed: Solo se completó una parte de una solicitud ReadProcessMemory o WriteProcessMemory. (0x12B)
[0201/211405.726:ERROR:process_memory_win.cc(73)] ReadMemory at 0x1e77e6e78c0 of 132 bytes failed: Solo se completó una parte de una solicitud ReadProcessMemory o WriteProcessMemory. (0x12B)
[0201/211407.824:ERROR:process_memory_win.cc(73)] ReadMemory at 0x1e77e6e79f0 of 132 bytes failed: Solo se completó una parte de una solicitud ReadProcessMemory o WriteProcessMemory. (0x12B)
[0201/211410.078:ERROR:process_memory_win.cc(73)] ReadMemory at 0x1e77e6e7b20 of 132 bytes failed: Solo se completó una parte de una solicitud ReadProcessMemory o WriteProcessMemory. (0x12B)
[0201/211411.886:ERROR:process_memory_win.cc(73)] ReadMemory at 0x1e77e6e7c50 of 132 bytes failed: Solo se completó una parte de una solicitud ReadProcessMemory o WriteProcessMemory. (0x12B)
[0201/211416.774:ERROR:process_memory_win.cc(73)] ReadMemory at 0x1e77e6e7d80 of 132 bytes failed: Solo se completó una parte de una solicitud ReadProcessMemory o WriteProcessMemory. (0x12B)
[0201/211420.331:ERROR:process_memory_win.cc(73)] ReadMemory at 0x1e77e6e7eb0 of 132 bytes failed: Solo se completó una parte de una solicitud ReadProcessMemory o WriteProcessMemory. (0x12B)
[0201/211422.758:ERROR:process_memory_win.cc(73)] ReadMemory at 0x1e77e6e7fe0 of 132 bytes failed: Solo se completó una parte de una solicitud ReadProcessMemory o WriteProcessMemory. (0x12B)
[0201/211423.417:ERROR:process_memory_win.cc(73)] ReadMemory at 0x1e77e6ec0d0 of 60 bytes failed: Solo se completó una parte de una solicitud ReadProcessMemory o WriteProcessMemory. (0x12B)
[0201/211423.550:ERROR:process_memory_win.cc(73)] ReadMemory at 0x1e77e6ec120 of 62 bytes failed: Solo se completó una parte de una solicitud ReadProcessMemory o WriteProcessMemory. (0x12B)
[0201/211425.206:ERROR:process_memory_win.cc(73)] ReadMemory at 0x1e77e6ec3f0 of 58 bytes failed: Solo se completó una parte de una solicitud ReadProcessMemory o WriteProcessMemory. (0x12B)
[0201/211425.495:ERROR:process_memory_win.cc(73)] ReadMemory at 0x1e77e6ec580 of 66 bytes failed: Solo se completó una parte de una solicitud ReadProcessMemory o WriteProcessMemory. (0x12B)
[0201/211429.813:ERROR:process_memory_win.cc(73)] ReadMemory at 0x1e77e6ec5d0 of 60 bytes failed: Solo se completó una parte de una solicitud ReadProcessMemory o WriteProcessMemory. (0x12B)
[0201/211430.682:ERROR:process_memory_win.cc(73)] ReadMemory at 0x1e77e6ecbc0 of 62 bytes failed: Solo se completó una parte de una solicitud ReadProcessMemory o WriteProcessMemory. (0x12B)
[0201/211430.904:ERROR:process_memory_win.cc(73)] ReadMemory at 0x1e77e6ecc10 of 56 bytes failed: Solo se completó una parte de una solicitud ReadProcessMemory o WriteProcessMemory. (0x12B)
[0201/211431.082:ERROR:process_memory_win.cc(73)] ReadMemory at 0x1e77e6f9420 of 52 bytes failed: Solo se completó una parte de una solicitud ReadProcessMemory o WriteProcessMemory. (0x12B)
[0201/211431.283:ERROR:process_memory_win.cc(73)] ReadMemory at 0x1e77e6f9ea0 of 512 bytes failed: Solo se completó una parte de una solicitud ReadProcessMemory o WriteProcessMemory. (0x12B)
[0201/211431.436:ERROR:process_memory_win.cc(73)] ReadMemory at 0x1e77e6fa220 of 512 bytes failed: Solo se completó una parte de una solicitud ReadProcessMemory o WriteProcessMemory. (0x12B)
[0201/211431.536:ERROR:process_memory_win.cc(73)] ReadMemory at 0x1e77e6fb820 of 512 bytes failed: Solo se completó una parte de una solicitud ReadProcessMemory o WriteProcessMemory. (0x12B)
[0201/211431.652:ERROR:process_memory_win.cc(73)] ReadMemory at 0x1e77e6fc130 of 62 bytes failed: Solo se completó una parte de una solicitud ReadProcessMemory o WriteProcessMemory. (0x12B)
[0201/211432.142:ERROR:process_memory_win.cc(73)] ReadMemory at 0x1e77e6fc270 of 70 bytes failed: Solo se completó una parte de una solicitud ReadProcessMemory o WriteProcessMemory. (0x12B)
[0201/211432.514:ERROR:process_memory_win.cc(73)] ReadMemory at 0x1e77e6fc590 of 68 bytes failed: Solo se completó una parte de una solicitud ReadProcessMemory o WriteProcessMemory. (0x12B)
[0201/211432.694:ERROR:process_memory_win.cc(73)] ReadMemory at 0x1e77e6fc630 of 62 bytes failed: Solo se completó una parte de una solicitud ReadProcessMemory o WriteProcessMemory. (0x12B)
[0201/211433.238:ERROR:process_memory_win.cc(73)] ReadMemory at 0x1e77e6fcb30 of 62 bytes failed: Solo se completó una parte de una solicitud ReadProcessMemory o WriteProcessMemory. (0x12B)
[0201/211433.701:ERROR:process_memory_win.cc(73)] ReadMemory at 0x1e77e6fcb80 of 60 bytes failed: Solo se completó una parte de una solicitud ReadProcessMemory o WriteProcessMemory. (0x12B)
[0201/211434.572:ERROR:process_memory_win.cc(73)] ReadMemory at 0x1e77e6fcbd0 of 64 bytes failed: Solo se completó una parte de una solicitud ReadProcessMemory o WriteProcessMemory. (0x12B)
[0201/211435.804:ERROR:process_memory_win.cc(73)] ReadMemory at 0x1e77e6fcf40 of 58 bytes failed: Solo se completó una parte de una solicitud ReadProcessMemory o WriteProcessMemory. (0x12B)
[0201/211436.459:ERROR:process_memory_win.cc(73)] ReadMemory at 0x1e77e6fcf90 of 58 bytes failed: Solo se completó una parte de una solicitud ReadProcessMemory o WriteProcessMemory. (0x12B)
[0201/211437.260:ERROR:process_memory_win.cc(73)] ReadMemory at 0x1e77e6fd880 of 152 bytes failed: Solo se completó una parte de una solicitud ReadProcessMemory o WriteProcessMemory. (0x12B)
[0201/211437.512:ERROR:process_memory_win.cc(73)] ReadMemory at 0x1e77e707200 of 72 bytes failed: Solo se completó una parte de una solicitud ReadProcessMemory o WriteProcessMemory. (0x12B)
[0201/211437.989:ERROR:process_memory_win.cc(73)] ReadMemory at 0x1e77e707380 of 76 bytes failed: Solo se completó una parte de una solicitud ReadProcessMemory o WriteProcessMemory. (0x12B)
[0201/211439.781:ERROR:process_memory_win.cc(73)] ReadMemory at 0x1e77e708f70 of 64 bytes failed: Solo se completó una parte de una solicitud ReadProcessMemory o WriteProcessMemory. (0x12B)
[0201/211440.553:ERROR:process_memory_win.cc(73)] ReadMemory at 0x1e77e711260 of 132 bytes failed: Solo se completó una parte de una solicitud ReadProcessMemory o WriteProcessMemory. (0x12B)
[0201/211441.580:ERROR:process_memory_win.cc(73)] ReadMemory at 0x1e77e711720 of 132 bytes failed: Solo se completó una parte de una solicitud ReadProcessMemory o WriteProcessMemory. (0x12B)
[0201/211443.127:ERROR:process_memory_win.cc(73)] ReadMemory at 0x1e77e711850 of 132 bytes failed: Solo se completó una parte de una solicitud ReadProcessMemory o WriteProcessMemory. (0x12B)
[0201/211444.146:ERROR:process_memory_win.cc(73)] ReadMemory at 0x1e77e711be0 of 132 bytes failed: Solo se completó una parte de una solicitud ReadProcessMemory o WriteProcessMemory. (0x12B)
[0201/211444.930:ERROR:process_memory_win.cc(73)] ReadMemory at 0x1e77e711e40 of 132 bytes failed: Solo se completó una parte de una solicitud ReadProcessMemory o WriteProcessMemory. (0x12B)
[0201/211445.677:ERROR:process_memory_win.cc(73)] ReadMemory at 0x1e77e711f70 of 132 bytes failed: Solo se completó una parte de una solicitud ReadProcessMemory o WriteProcessMemory. (0x12B)
[0201/211445.993:ERROR:process_memory_win.cc(73)] ReadMemory at 0x1e77e712560 of 132 bytes failed: Solo se completó una parte de una solicitud ReadProcessMemory o WriteProcessMemory. (0x12B)
[0201/211446.246:ERROR:process_memory_win.cc(73)] ReadMemory at 0x1e77e712690 of 132 bytes failed: Solo se completó una parte de una solicitud ReadProcessMemory o WriteProcessMemory. (0x12B)
[0201/211446.478:ERROR:process_memory_win.cc(73)] ReadMemory at 0x1e77e7142e0 of 126 bytes failed: Solo se completó una parte de una solicitud ReadProcessMemory o WriteProcessMemory. (0x12B)
[0201/211447.999:ERROR:process_memory_win.cc(73)] ReadMemory at 0x7ffba40adbd2 of 512 bytes failed: Solo se completó una parte de una solicitud ReadProcessMemory o WriteProcessMemory. (0x12B)
[0201/211449.273:ERROR:process_memory_win.cc(73)] ReadMemory at 0x7ffba5dc26a8 of 512 bytes failed: Solo se completó una parte de una solicitud ReadProcessMemory o WriteProcessMemory. (0x12B)
[0201/211449.590:ERROR:process_memory_win.cc(73)] ReadMemory at 0x7ffba63d52ea of 512 bytes failed: Solo se completó una parte de una solicitud ReadProcessMemory o WriteProcessMemory. (0x12B)
[0201/211449.790:ERROR:process_memory_win.cc(73)] ReadMemory at 0x7ffbae63620e of 512 bytes failed: Solo se completó una parte de una solicitud ReadProcessMemory o WriteProcessMemory. (0x12B)
[0201/211450.043:ERROR:process_memory_win.cc(73)] ReadMemory at 0x7ffbae7c5808 of 512 bytes failed: Solo se completó una parte de una solicitud ReadProcessMemory o WriteProcessMemory. (0x12B)
[0201/211450.293:ERROR:process_memory_win.cc(73)] ReadMemory at 0x7ffbaea479a0 of 512 bytes failed: Solo se completó una parte de una solicitud ReadProcessMemory o WriteProcessMemory. (0x12B)
[0201/211450.562:ERROR:process_memory_win.cc(73)] ReadMemory at 0x7ffbaf05b540 of 520 bytes failed: Solo se completó una parte de una solicitud ReadProcessMemory o WriteProcessMemory. (0x12B)
[0201/211450.825:ERROR:process_memory_win.cc(73)] ReadMemory at 0x7ffbaf05c378 of 1048 bytes failed: Solo se completó una parte de una solicitud ReadProcessMemory o WriteProcessMemory. (0x12B)
[0201/211451.313:ERROR:process_memory_win.cc(73)] ReadMemory at 0x7ffbf91eb6d0 of 512 bytes failed: Solo se completó una parte de una solicitud ReadProcessMemory o WriteProcessMemory. (0x12B)
[0201/211451.828:ERROR:process_memory_win.cc(73)] ReadMemory at 0x7ffbfbfdc6c4 of 512 bytes failed: Solo se completó una parte de una solicitud ReadProcessMemory o WriteProcessMemory. (0x12B)
[0201/211452.097:ERROR:process_memory_win.cc(73)] ReadMemory at 0x7ffbfbfdf9d4 of 512 bytes failed: Solo se completó una parte de una solicitud ReadProcessMemory o WriteProcessMemory. (0x12B)
[0201/211452.897:ERROR:process_memory_win.cc(73)] ReadMemory at 0x7ffbfc06c428 of 18 bytes failed: Solo se completó una parte de una solicitud ReadProcessMemory o WriteProcessMemory. (0x12B)
[0201/211453.366:ERROR:process_memory_win.cc(73)] ReadMemory at 0x7ffbfc09f4f8 of 40 bytes failed: Solo se completó una parte de una solicitud ReadProcessMemory o WriteProcessMemory. (0x12B)
[0201/211453.613:ERROR:process_memory_win.cc(73)] ReadMemory at 0x7ffbfc09f978 of 48 bytes failed: Solo se completó una parte de una solicitud ReadProcessMemory o WriteProcessMemory. (0x12B)
[0201/211453.897:ERROR:process_memory_win.cc(73)] ReadMemory at 0x7ffbfc0a53c0 of 64 bytes failed: Solo se completó una parte de una solicitud ReadProcessMemory o WriteProcessMemory. (0x12B)
[0201/211454.683:ERROR:scoped_process_suspend.cc(40)] NtResumeProcess: Se intentó obtener acceso a un proceso que está cerrándose. (0xc000010a)
[0404/130923.746:ERROR:process_reader_win.cc(123)] NtOpenThread: {Acceso denegado} Un proceso ha solicitado acceso a un objeto, pero no se le han concedido esos derechos de acceso. (0xc0000022)
[0404/130924.011:ERROR:exception_snapshot_win.cc(98)] thread ID 10160 not found in process
[0404/130924.058:ERROR:process_info.cc(329)] VirtualQueryEx: Acceso denegado. (0x5)
[0404/130924.136:ERROR:process_info.cc(556)] ReadMemoryInfo failed
[0404/130924.136:ERROR:scoped_process_suspend.cc(40)] NtResumeProcess: Se intentó obtener acceso a un proceso que está cerrándose. (0xc000010a)
[0407/153627.885:ERROR:process_memory_win.cc(73)] ReadMemory at 0x4309bfa000 of 24576 bytes failed: Solo se completó una parte de una solicitud ReadProcessMemory o WriteProcessMemory. (0x12B)
[0407/153628.134:ERROR:process_memory_win.cc(73)] ReadMemory at 0x430a3fd000 of 12288 bytes failed: Solo se completó una parte de una solicitud ReadProcessMemory o WriteProcessMemory. (0x12B)
[0407/153628.197:ERROR:process_memory_win.cc(73)] ReadMemory at 0x430abfd000 of 12288 bytes failed: Solo se completó una parte de una solicitud ReadProcessMemory o WriteProcessMemory. (0x12B)
[0407/153628.306:ERROR:process_memory_win.cc(73)] ReadMemory at 0x430b3fc000 of 16384 bytes failed: Solo se completó una parte de una solicitud ReadProcessMemory o WriteProcessMemory. (0x12B)
[0407/153628.338:ERROR:process_memory_win.cc(73)] ReadMemory at 0x430bbfc000 of 16384 bytes failed: Solo se completó una parte de una solicitud ReadProcessMemory o WriteProcessMemory. (0x12B)
[0407/153628.541:ERROR:process_memory_win.cc(73)] ReadMemory at 0x430c3fe000 of 8192 bytes failed: Solo se completó una parte de una solicitud ReadProcessMemory o WriteProcessMemory. (0x12B)
[0407/153628.650:ERROR:process_memory_win.cc(73)] ReadMemory at 0x430cbfd000 of 12288 bytes failed: Solo se completó una parte de una solicitud ReadProcessMemory o WriteProcessMemory. (0x12B)
[0407/153628.681:ERROR:process_memory_win.cc(73)] ReadMemory at 0x430d3fd000 of 12288 bytes failed: Solo se completó una parte de una solicitud ReadProcessMemory o WriteProcessMemory. (0x12B)
[0407/153628.759:ERROR:process_memory_win.cc(73)] ReadMemory at 0x430e3fd000 of 12288 bytes failed: Solo se completó una parte de una solicitud ReadProcessMemory o WriteProcessMemory. (0x12B)
[0407/153628.791:ERROR:process_memory_win.cc(73)] ReadMemory at 0x430ebfd000 of 12288 bytes failed: Solo se completó una parte de una solicitud ReadProcessMemory o WriteProcessMemory. (0x12B)
[0407/153628.837:ERROR:process_memory_win.cc(73)] ReadMemory at 0x430f3fd000 of 12288 bytes failed: Solo se completó una parte de una solicitud ReadProcessMemory o WriteProcessMemory. (0x12B)
[0407/153629.025:ERROR:process_memory_win.cc(73)] ReadMemory at 0x430fbfd000 of 12288 bytes failed: Solo se completó una parte de una solicitud ReadProcessMemory o WriteProcessMemory. (0x12B)
[0407/153629.056:ERROR:process_memory_win.cc(73)] ReadMemory at 0x430dbfe000 of 8192 bytes failed: Solo se completó una parte de una solicitud ReadProcessMemory o WriteProcessMemory. (0x12B)
[0407/153629.103:ERROR:process_memory_win.cc(73)] ReadMemory at 0x4309380000 of 852 bytes failed: Solo se completó una parte de una solicitud ReadProcessMemory o WriteProcessMemory. (0x12B)
[0407/153629.134:ERROR:process_memory_win.cc(73)] ReadMemory at 0x4309381000 of 6024 bytes failed: Solo se completó una parte de una solicitud ReadProcessMemory o WriteProcessMemory. (0x12B)
[0407/153629.212:ERROR:process_memory_win.cc(73)] ReadMemory at 0x4309383000 of 6024 bytes failed: Solo se completó una parte de una solicitud ReadProcessMemory o WriteProcessMemory. (0x12B)
[0407/153629.244:ERROR:process_memory_win.cc(73)] ReadMemory at 0x4309385000 of 6024 bytes failed: Solo se completó una parte de una solicitud ReadProcessMemory o WriteProcessMemory. (0x12B)
[0407/153629.369:ERROR:process_memory_win.cc(73)] ReadMemory at 0x4309387000 of 6024 bytes failed: Solo se completó una parte de una solicitud ReadProcessMemory o WriteProcessMemory. (0x12B)
[0407/153629.478:ERROR:process_memory_win.cc(73)] ReadMemory at 0x4309389000 of 6024 bytes failed: Solo se completó una parte de una solicitud ReadProcessMemory o WriteProcessMemory. (0x12B)
[0407/153629.572:ERROR:process_memory_win.cc(73)] ReadMemory at 0x430938b000 of 6024 bytes failed: Solo se completó una parte de una solicitud ReadProcessMemory o WriteProcessMemory. (0x12B)
[0407/153629.697:ERROR:process_memory_win.cc(73)] ReadMemory at 0x430938d000 of 6024 bytes failed: Solo se completó una parte de una solicitud ReadProcessMemory o WriteProcessMemory. (0x12B)
[0407/153629.759:ERROR:process_memory_win.cc(73)] ReadMemory at 0x430938f000 of 6024 bytes failed: Solo se completó una parte de una solicitud ReadProcessMemory o WriteProcessMemory. (0x12B)
[0407/153629.853:ERROR:process_memory_win.cc(73)] ReadMemory at 0x4309393000 of 6024 bytes failed: Solo se completó una parte de una solicitud ReadProcessMemory o WriteProcessMemory. (0x12B)
[0407/153629.900:ERROR:process_memory_win.cc(73)] ReadMemory at 0x4309395000 of 6024 bytes failed: Solo se completó una parte de una solicitud ReadProcessMemory o WriteProcessMemory. (0x12B)
[0407/153629.931:ERROR:process_memory_win.cc(73)] ReadMemory at 0x4309397000 of 6024 bytes failed: Solo se completó una parte de una solicitud ReadProcessMemory o WriteProcessMemory. (0x12B)
[0407/153629.947:ERROR:process_memory_win.cc(73)] ReadMemory at 0x4309399000 of 6024 bytes failed: Solo se completó una parte de una solicitud ReadProcessMemory o WriteProcessMemory. (0x12B)
[0407/153630.025:ERROR:process_memory_win.cc(73)] ReadMemory at 0x430939b000 of 6024 bytes failed: Solo se completó una parte de una solicitud ReadProcessMemory o WriteProcessMemory. (0x12B)
[0407/153630.087:ERROR:process_memory_win.cc(73)] ReadMemory at 0x187d4bc0fe0 of 18760 bytes failed: Solo se completó una parte de una solicitud ReadProcessMemory o WriteProcessMemory. (0x12B)
[0407/153630.103:ERROR:process_memory_win.cc(73)] ReadMemory at 0x187d4bc5930 of 1012 bytes failed: Solo se completó una parte de una solicitud ReadProcessMemory o WriteProcessMemory. (0x12B)
[0407/153630.150:ERROR:process_memory_win.cc(73)] ReadMemory at 0x187d4bc5f78 of 118 bytes failed: Solo se completó una parte de una solicitud ReadProcessMemory o WriteProcessMemory. (0x12B)
[0407/153630.165:ERROR:process_memory_win.cc(73)] ReadMemory at 0x187d4bc5ff0 of 754 bytes failed: Solo se completó una parte de una solicitud ReadProcessMemory o WriteProcessMemory. (0x12B)
[0407/153630.196:ERROR:process_memory_win.cc(73)] ReadMemory at 0x187d4bc62e4 of 118 bytes failed: Solo se completó una parte de una solicitud ReadProcessMemory o WriteProcessMemory. (0x12B)
[0407/153630.243:ERROR:process_memory_win.cc(73)] ReadMemory at 0x187d4bc635c of 94 bytes failed: Solo se completó una parte de una solicitud ReadProcessMemory o WriteProcessMemory. (0x12B)
[0407/153630.275:ERROR:process_memory_win.cc(73)] ReadMemory at 0x187d4bc63d0 of 58 bytes failed: Solo se completó una parte de una solicitud ReadProcessMemory o WriteProcessMemory. (0x12B)
[0407/153630.353:ERROR:process_memory_win.cc(73)] ReadMemory at 0x187d4bc64d0 of 132 bytes failed: Solo se completó una parte de una solicitud ReadProcessMemory o WriteProcessMemory. (0x12B)
[0407/153630.509:ERROR:process_memory_win.cc(73)] ReadMemory at 0x187d4bc6660 of 132 bytes failed: Solo se completó una parte de una solicitud ReadProcessMemory o WriteProcessMemory. (0x12B)
[0407/153630.556:ERROR:process_memory_win.cc(73)] ReadMemory at 0x187d4bc6820 of 126 bytes failed: Solo se completó una parte de una solicitud ReadProcessMemory o WriteProcessMemory. (0x12B)
[0407/153630.650:ERROR:process_memory_win.cc(73)] ReadMemory at 0x187d4bc6c00 of 132 bytes failed: Solo se completó una parte de una solicitud ReadProcessMemory o WriteProcessMemory. (0x12B)
[0407/153630.665:ERROR:process_memory_win.cc(73)] ReadMemory at 0x187d4bc6d90 of 64 bytes failed: Solo se completó una parte de una solicitud ReadProcessMemory o WriteProcessMemory. (0x12B)
[0407/153630.728:ERROR:process_memory_win.cc(73)] ReadMemory at 0x187d4bc6de0 of 132 bytes failed: Solo se completó una parte de una solicitud ReadProcessMemory o WriteProcessMemory. (0x12B)
[0407/153630.837:ERROR:process_memory_win.cc(73)] ReadMemory at 0x187d4bc6f50 of 132 bytes failed: Solo se completó una parte de una solicitud ReadProcessMemory o WriteProcessMemory. (0x12B)
[0407/153630.868:ERROR:process_memory_win.cc(73)] ReadMemory at 0x187d4bc71f0 of 132 bytes failed: Solo se completó una parte de una solicitud ReadProcessMemory o WriteProcessMemory. (0x12B)
[0407/153630.993:ERROR:process_memory_win.cc(73)] ReadMemory at 0x187d4bc7380 of 68 bytes failed: Solo se completó una parte de una solicitud ReadProcessMemory o WriteProcessMemory. (0x12B)
[0407/153631.134:ERROR:process_memory_win.cc(73)] ReadMemory at 0x187d4bc8450 of 132 bytes failed: Solo se completó una parte de una solicitud ReadProcessMemory o WriteProcessMemory. (0x12B)
[0407/153631.431:ERROR:process_memory_win.cc(73)] ReadMemory at 0x187d4bc85e0 of 154 bytes failed: Solo se completó una parte de una solicitud ReadProcessMemory o WriteProcessMemory. (0x12B)
[0407/153631.493:ERROR:process_memory_win.cc(73)] ReadMemory at 0x187d4bc9860 of 132 bytes failed: Solo se completó una parte de una solicitud ReadProcessMemory o WriteProcessMemory. (0x12B)
[0407/153631.587:ERROR:process_memory_win.cc(73)] ReadMemory at 0x187d4bcaa60 of 62 bytes failed: Solo se completó una parte de una solicitud ReadProcessMemory o WriteProcessMemory. (0x12B)
[0407/153631.649:ERROR:process_memory_win.cc(73)] ReadMemory at 0x187d4bcaab0 of 146 bytes failed: Solo se completó una parte de una solicitud ReadProcessMemory o WriteProcessMemory. (0x12B)
[0407/153631.727:ERROR:process_memory_win.cc(73)] ReadMemory at 0x187d4bcab90 of 132 bytes failed: Solo se completó una parte de una solicitud ReadProcessMemory o WriteProcessMemory. (0x12B)
[0407/153631.743:ERROR:process_memory_win.cc(73)] ReadMemory at 0x187d4bcad20 of 60 bytes failed: Solo se completó una parte de una solicitud ReadProcessMemory o WriteProcessMemory. (0x12B)
[0407/153631.821:ERROR:process_memory_win.cc(73)] ReadMemory at 0x187d4bcd8f0 of 132 bytes failed: Solo se completó una parte de una solicitud ReadProcessMemory o WriteProcessMemory. (0x12B)
[0407/153631.868:ERROR:process_memory_win.cc(73)] ReadMemory at 0x187d4bcda20 of 132 bytes failed: Solo se completó una parte de una solicitud ReadProcessMemory o WriteProcessMemory. (0x12B)
[0407/153631.915:ERROR:process_memory_win.cc(73)] ReadMemory at 0x187d4bcdbb0 of 80 bytes failed: Solo se completó una parte de una solicitud ReadProcessMemory o WriteProcessMemory. (0x12B)
[0407/153631.946:ERROR:process_memory_win.cc(73)] ReadMemory at 0x187d4bcdd50 of 64 bytes failed: Solo se completó una parte de una solicitud ReadProcessMemory o WriteProcessMemory. (0x12B)
[0407/153631.993:ERROR:process_memory_win.cc(73)] ReadMemory at 0x187d4bcde40 of 60 bytes failed: Solo se completó una parte de una solicitud ReadProcessMemory o WriteProcessMemory. (0x12B)
[0407/153632.071:ERROR:process_memory_win.cc(73)] ReadMemory at 0x187d4bcdfd0 of 62 bytes failed: Solo se completó una parte de una solicitud ReadProcessMemory o WriteProcessMemory. (0x12B)
[0407/153632.134:ERROR:process_memory_win.cc(73)] ReadMemory at 0x187d4bce020 of 64 bytes failed: Solo se completó una parte de una solicitud ReadProcessMemory o WriteProcessMemory. (0x12B)
[0407/153632.243:ERROR:process_memory_win.cc(73)] ReadMemory at 0x187d4bce110 of 60 bytes failed: Solo se completó una parte de una solicitud ReadProcessMemory o WriteProcessMemory. (0x12B)
[0407/153632.305:ERROR:process_memory_win.cc(73)] ReadMemory at 0x187d4bce160 of 64 bytes failed: Solo se completó una parte de una solicitud ReadProcessMemory o WriteProcessMemory. (0x12B)
[0407/153632.337:ERROR:process_memory_win.cc(73)] ReadMemory at 0x187d4bce1b0 of 62 bytes failed: Solo se completó una parte de una solicitud ReadProcessMemory o WriteProcessMemory. (0x12B)
[0407/153632.399:ERROR:process_memory_win.cc(73)] ReadMemory at 0x187d4bce430 of 66 bytes failed: Solo se completó una parte de una solicitud ReadProcessMemory o WriteProcessMemory. (0x12B)
[0407/153632.477:ERROR:process_memory_win.cc(73)] ReadMemory at 0x187d4bce480 of 64 bytes failed: Solo se completó una parte de una solicitud ReadProcessMemory o WriteProcessMemory. (0x12B)
[0407/153632.540:ERROR:process_memory_win.cc(73)] ReadMemory at 0x187d4bce960 of 132 bytes failed: Solo se completó una parte de una solicitud ReadProcessMemory o WriteProcessMemory. (0x12B)
[0407/153632.602:ERROR:process_memory_win.cc(73)] ReadMemory at 0x187d4bcea90 of 132 bytes failed: Solo se completó una parte de una solicitud ReadProcessMemory o WriteProcessMemory. (0x12B)
[0407/153632.633:ERROR:process_memory_win.cc(73)] ReadMemory at 0x187d4bcebc0 of 132 bytes failed: Solo se completó una parte de una solicitud ReadProcessMemory o WriteProcessMemory. (0x12B)
[0407/153632.680:ERROR:process_memory_win.cc(73)] ReadMemory at 0x187d4bcecf0 of 132 bytes failed: Solo se completó una parte de una solicitud ReadProcessMemory o WriteProcessMemory. (0x12B)
[0407/153632.711:ERROR:process_memory_win.cc(73)] ReadMemory at 0x187d4bcee20 of 132 bytes failed: Solo se completó una parte de una solicitud ReadProcessMemory o WriteProcessMemory. (0x12B)
[0407/153632.743:ERROR:process_memory_win.cc(73)] ReadMemory at 0x187d4bcef50 of 132 bytes failed: Solo se completó una parte de una solicitud ReadProcessMemory o WriteProcessMemory. (0x12B)
[0407/153632.774:ERROR:process_memory_win.cc(73)] ReadMemory at 0x187d4bcf080 of 132 bytes failed: Solo se completó una parte de una solicitud ReadProcessMemory o WriteProcessMemory. (0x12B)
[0407/153632.805:ERROR:process_memory_win.cc(73)] ReadMemory at 0x187d4bcf1b0 of 132 bytes failed: Solo se completó una parte de una solicitud ReadProcessMemory o WriteProcessMemory. (0x12B)
[0407/153632.852:ERROR:process_memory_win.cc(73)] ReadMemory at 0x187d4bcf2e0 of 132 bytes failed: Solo se completó una parte de una solicitud ReadProcessMemory o WriteProcessMemory. (0x12B)
[0407/153632.899:ERROR:process_memory_win.cc(73)] ReadMemory at 0x187d4bcf410 of 132 bytes failed: Solo se completó una parte de una solicitud ReadProcessMemory o WriteProcessMemory. (0x12B)
[0407/153632.930:ERROR:process_memory_win.cc(73)] ReadMemory at 0x187d4bcf540 of 132 bytes failed: Solo se completó una parte de una solicitud ReadProcessMemory o WriteProcessMemory. (0x12B)
[0407/153632.962:ERROR:process_memory_win.cc(73)] ReadMemory at 0x187d4bcf670 of 132 bytes failed: Solo se completó una parte de una solicitud ReadProcessMemory o WriteProcessMemory. (0x12B)
[0407/153633.008:ERROR:process_memory_win.cc(73)] ReadMemory at 0x187d4bd2050 of 132 bytes failed: Solo se completó una parte de una solicitud ReadProcessMemory o WriteProcessMemory. (0x12B)
[0407/153633.040:ERROR:process_memory_win.cc(73)] ReadMemory at 0x187d4bd3fe0 of 54 bytes failed: Solo se completó una parte de una solicitud ReadProcessMemory o WriteProcessMemory. (0x12B)
[0407/153633.055:ERROR:process_memory_win.cc(73)] ReadMemory at 0x187d4bd4c00 of 132 bytes failed: Solo se completó una parte de una solicitud ReadProcessMemory o WriteProcessMemory. (0x12B)
[0407/153633.102:ERROR:process_memory_win.cc(73)] ReadMemory at 0x187d4bd68f0 of 80 bytes failed: Solo se completó una parte de una solicitud ReadProcessMemory o WriteProcessMemory. (0x12B)
[0407/153633.118:ERROR:process_memory_win.cc(73)] ReadMemory at 0x187d4bd7310 of 76 bytes failed: Solo se completó una parte de una solicitud ReadProcessMemory o WriteProcessMemory. (0x12B)
[0407/153633.165:ERROR:process_memory_win.cc(73)] ReadMemory at 0x187d4bd75b0 of 64 bytes failed: Solo se completó una parte de una solicitud ReadProcessMemory o WriteProcessMemory. (0x12B)
[0407/153633.196:ERROR:process_memory_win.cc(73)] ReadMemory at 0x187d4bd76a0 of 60 bytes failed: Solo se completó una parte de una solicitud ReadProcessMemory o WriteProcessMemory. (0x12B)
[0407/153633.211:ERROR:process_memory_win.cc(73)] ReadMemory at 0x187d4bd76f0 of 64 bytes failed: Solo se completó una parte de una solicitud ReadProcessMemory o WriteProcessMemory. (0x12B)
[0407/153633.211:ERROR:process_memory_win.cc(73)] ReadMemory at 0x187d4bd7740 of 60 bytes failed: Solo se completó una parte de una solicitud ReadProcessMemory o WriteProcessMemory. (0x12B)
[0407/153633.227:ERROR:process_memory_win.cc(73)] ReadMemory at 0x187d4bd7790 of 62 bytes failed: Solo se completó una parte de una solicitud ReadProcessMemory o WriteProcessMemory. (0x12B)
[0407/153633.243:ERROR:process_memory_win.cc(73)] ReadMemory at 0x187d4bd77e0 of 60 bytes failed: Solo se completó una parte de una solicitud ReadProcessMemory o WriteProcessMemory. (0x12B)
[0407/153633.274:ERROR:process_memory_win.cc(73)] ReadMemory at 0x187d4bd79c0 of 62 bytes failed: Solo se completó una parte de una solicitud ReadProcessMemory o WriteProcessMemory. (0x12B)
[0407/153633.290:ERROR:process_memory_win.cc(73)] ReadMemory at 0x187d4bd7b00 of 62 bytes failed: Solo se completó una parte de una solicitud ReadProcessMemory o WriteProcessMemory. (0x12B)
[0407/153633.305:ERROR:process_memory_win.cc(73)] ReadMemory at 0x187d4bd7b50 of 62 bytes failed: Solo se completó una parte de una solicitud ReadProcessMemory o WriteProcessMemory. (0x12B)
[0407/153633.336:ERROR:process_memory_win.cc(73)] ReadMemory at 0x187d4bd7bf0 of 64 bytes failed: Solo se completó una parte de una solicitud ReadProcessMemory o WriteProcessMemory. (0x12B)
[0407/153633.352:ERROR:process_memory_win.cc(73)] ReadMemory at 0x187d4bd7c90 of 60 bytes failed: Solo se completó una parte de una solicitud ReadProcessMemory o WriteProcessMemory. (0x12B)
[0407/153633.368:ERROR:process_memory_win.cc(73)] ReadMemory at 0x187d4bd7d30 of 62 bytes failed: Solo se completó una parte de una solicitud ReadProcessMemory o WriteProcessMemory. (0x12B)
[0407/153633.383:ERROR:process_memory_win.cc(73)] ReadMemory at 0x187d4bd7e20 of 64 bytes failed: Solo se completó una parte de una solicitud ReadProcessMemory o WriteProcessMemory. (0x12B)
[0407/153633.383:ERROR:process_memory_win.cc(73)] ReadMemory at 0x187d4bd7ec0 of 62 bytes failed: Solo se completó una parte de una solicitud ReadProcessMemory o WriteProcessMemory. (0x12B)
[0407/153633.415:ERROR:process_memory_win.cc(73)] ReadMemory at 0x187d4bd7f60 of 62 bytes failed: Solo se completó una parte de una solicitud ReadProcessMemory o WriteProcessMemory. (0x12B)
[0407/153633.446:ERROR:process_memory_win.cc(73)] ReadMemory at 0x187d4bd8000 of 58 bytes failed: Solo se completó una parte de una solicitud ReadProcessMemory o WriteProcessMemory. (0x12B)
[0407/153633.477:ERROR:process_memory_win.cc(73)] ReadMemory at 0x187d4bd8050 of 66 bytes failed: Solo se completó una parte de una solicitud ReadProcessMemory o WriteProcessMemory. (0x12B)
[0407/153633.493:ERROR:process_memory_win.cc(73)] ReadMemory at 0x187d4bd8280 of 62 bytes failed: Solo se completó una parte de una solicitud ReadProcessMemory o WriteProcessMemory. (0x12B)
[0407/153633.571:ERROR:process_memory_win.cc(73)] ReadMemory at 0x187d4bd9e80 of 132 bytes failed: Solo se completó una parte de una solicitud ReadProcessMemory o WriteProcessMemory. (0x12B)
[0407/153633.618:ERROR:process_memory_win.cc(73)] ReadMemory at 0x187d4bdb9e0 of 132 bytes failed: Solo se completó una parte de una solicitud ReadProcessMemory o WriteProcessMemory. (0x12B)
[0407/153633.649:ERROR:process_memory_win.cc(73)] ReadMemory at 0x187d4bdbb10 of 132 bytes failed: Solo se completó una parte de una solicitud ReadProcessMemory o WriteProcessMemory. (0x12B)
[0407/153633.680:ERROR:process_memory_win.cc(73)] ReadMemory at 0x187d4bdbe70 of 132 bytes failed: Solo se completó una parte de una solicitud ReadProcessMemory o WriteProcessMemory. (0x12B)
[0407/153633.727:ERROR:process_memory_win.cc(73)] ReadMemory at 0x187d4bdbff0 of 132 bytes failed: Solo se completó una parte de una solicitud ReadProcessMemory o WriteProcessMemory. (0x12B)
[0407/153633.743:ERROR:process_memory_win.cc(73)] ReadMemory at 0x187d4bdc250 of 132 bytes failed: Solo se completó una parte de una solicitud ReadProcessMemory o WriteProcessMemory. (0x12B)
[0407/153633.774:ERROR:process_memory_win.cc(73)] ReadMemory at 0x187d4bdc5e0 of 132 bytes failed: Solo se completó una parte de una solicitud ReadProcessMemory o WriteProcessMemory. (0x12B)
[0407/153633.836:ERROR:process_memory_win.cc(73)] ReadMemory at 0x187d4bdc840 of 132 bytes failed: Solo se completó una parte de una solicitud ReadProcessMemory o WriteProcessMemory. (0x12B)
[0407/153633.914:ERROR:process_memory_win.cc(73)] ReadMemory at 0x187d4bdcbd0 of 132 bytes failed: Solo se completó una parte de una solicitud ReadProcessMemory o WriteProcessMemory. (0x12B)
[0407/153633.946:ERROR:process_memory_win.cc(73)] ReadMemory at 0x187d4bdd090 of 132 bytes failed: Solo se completó una parte de una solicitud ReadProcessMemory o WriteProcessMemory. (0x12B)
[0407/153633.977:ERROR:process_memory_win.cc(73)] ReadMemory at 0x187d4bdd1c0 of 132 bytes failed: Solo se completó una parte de una solicitud ReadProcessMemory o WriteProcessMemory. (0x12B)
[0407/153634.024:ERROR:process_memory_win.cc(73)] ReadMemory at 0x187d4bdd7b0 of 132 bytes failed: Solo se completó una parte de una solicitud ReadProcessMemory o WriteProcessMemory. (0x12B)
[0407/153634.055:ERROR:process_memory_win.cc(73)] ReadMemory at 0x187d4bddb40 of 132 bytes failed: Solo se completó una parte de una solicitud ReadProcessMemory o WriteProcessMemory. (0x12B)
[0407/153634.102:ERROR:process_memory_win.cc(73)] ReadMemory at 0x187d4bddc70 of 132 bytes failed: Solo se completó una parte de una solicitud ReadProcessMemory o WriteProcessMemory. (0x12B)
[0407/153634.133:ERROR:process_memory_win.cc(73)] ReadMemory at 0x187d4bf50f0 of 512 bytes failed: Solo se completó una parte de una solicitud ReadProcessMemory o WriteProcessMemory. (0x12B)
[0407/153634.180:ERROR:process_memory_win.cc(73)] ReadMemory at 0x187d4bf5e90 of 512 bytes failed: Solo se completó una parte de una solicitud ReadProcessMemory o WriteProcessMemory. (0x12B)
[0407/153634.211:ERROR:process_memory_win.cc(73)] ReadMemory at 0x187d5016c00 of 512 bytes failed: Solo se completó una parte de una solicitud ReadProcessMemory o WriteProcessMemory. (0x12B)
[0407/153634.274:ERROR:process_memory_win.cc(73)] ReadMemory at 0x187d5021d30 of 536 bytes failed: Solo se completó una parte de una solicitud ReadProcessMemory o WriteProcessMemory. (0x12B)
[0407/153634.336:ERROR:process_memory_win.cc(73)] ReadMemory at 0x187d502e3b0 of 512 bytes failed: Solo se completó una parte de una solicitud ReadProcessMemory o WriteProcessMemory. (0x12B)
[0407/153634.367:ERROR:process_memory_win.cc(73)] ReadMemory at 0x187d502fe38 of 656 bytes failed: Solo se completó una parte de una solicitud ReadProcessMemory o WriteProcessMemory. (0x12B)
[0407/153634.430:ERROR:process_memory_win.cc(73)] ReadMemory at 0x187d5030588 of 512 bytes failed: Solo se completó una parte de una solicitud ReadProcessMemory o WriteProcessMemory. (0x12B)
[0407/153634.477:ERROR:process_memory_win.cc(73)] ReadMemory at 0x187d503cea0 of 712 bytes failed: Solo se completó una parte de una solicitud ReadProcessMemory o WriteProcessMemory. (0x12B)
[0407/153634.492:ERROR:process_memory_win.cc(73)] ReadMemory at 0x187d503d360 of 512 bytes failed: Solo se completó una parte de una solicitud ReadProcessMemory o WriteProcessMemory. (0x12B)
[0407/153634.524:ERROR:process_memory_win.cc(73)] ReadMemory at 0x187d6e70000 of 384 bytes failed: Solo se completó una parte de una solicitud ReadProcessMemory o WriteProcessMemory. (0x12B)
[0407/153634.555:ERROR:process_memory_win.cc(73)] ReadMemory at 0x187d6eb3340 of 512 bytes failed: Solo se completó una parte de una solicitud ReadProcessMemory o WriteProcessMemory. (0x12B)
[0407/153634.586:ERROR:process_memory_win.cc(73)] ReadMemory at 0x2d4000000000 of 384 bytes failed: Solo se completó una parte de una solicitud ReadProcessMemory o WriteProcessMemory. (0x12B)
[0407/153634.617:ERROR:process_memory_win.cc(73)] ReadMemory at 0x2d40081c3e71 of 512 bytes failed: Solo se completó una parte de una solicitud ReadProcessMemory o WriteProcessMemory. (0x12B)
[0407/153634.633:ERROR:process_memory_win.cc(73)] ReadMemory at 0x7ffd583fa0e0 of 512 bytes failed: Solo se completó una parte de una solicitud ReadProcessMemory o WriteProcessMemory. (0x12B)
[0407/153634.680:ERROR:process_memory_win.cc(73)] ReadMemory at 0x7ffd5914038c of 512 bytes failed: Solo se completó una parte de una solicitud ReadProcessMemory o WriteProcessMemory. (0x12B)
[0407/153634.680:ERROR:process_memory_win.cc(73)] ReadMemory at 0x7ffd5a3ffa4e of 512 bytes failed: Solo se completó una parte de una solicitud ReadProcessMemory o WriteProcessMemory. (0x12B)
[0407/153634.805:ERROR:process_memory_win.cc(73)] ReadMemory at 0x7ffd7fc37a8d of 512 bytes failed: Solo se completó una parte de una solicitud ReadProcessMemory o WriteProcessMemory. (0x12B)
[0407/153634.820:ERROR:process_memory_win.cc(73)] ReadMemory at 0x7ffd7fc38285 of 512 bytes failed: Solo se completó una parte de una solicitud ReadProcessMemory o WriteProcessMemory. (0x12B)
[0407/153634.836:ERROR:process_memory_win.cc(73)] ReadMemory at 0x7ffdbe4dc0c4 of 672 bytes failed: Solo se completó una parte de una solicitud ReadProcessMemory o WriteProcessMemory. (0x12B)
[0407/153634.867:ERROR:process_memory_win.cc(73)] ReadMemory at 0x7ffdbe4df974 of 608 bytes failed: Solo se completó una parte de una solicitud ReadProcessMemory o WriteProcessMemory. (0x12B)
[0407/153634.883:ERROR:process_memory_win.cc(73)] ReadMemory at 0x7ffdbe56c428 of 18 bytes failed: Solo se completó una parte de una solicitud ReadProcessMemory o WriteProcessMemory. (0x12B)
[0407/153634.899:ERROR:process_memory_win.cc(73)] ReadMemory at 0x7ffdbe59f4f8 of 40 bytes failed: Solo se completó una parte de una solicitud ReadProcessMemory o WriteProcessMemory. (0x12B)
[0407/153634.945:ERROR:process_memory_win.cc(73)] ReadMemory at 0x7ffdbe59f978 of 48 bytes failed: Solo se completó una parte de una solicitud ReadProcessMemory o WriteProcessMemory. (0x12B)
[0407/153634.961:ERROR:process_memory_win.cc(73)] ReadMemory at 0x7ffdbe5a53c0 of 64 bytes failed: Solo se completó una parte de una solicitud ReadProcessMemory o WriteProcessMemory. (0x12B)
[0407/153635.024:ERROR:scoped_process_suspend.cc(40)] NtResumeProcess: Se intentó obtener acceso a un proceso que está cerrándose. (0xc000010a)
